Arguments: 
  /usr/local/bin/node /usr/local/Cellar/yarn/1.5.1_1/libexec/bin/yarn.js start

PATH: 
  /usr/local/gradle/gradle-4.6/bin:/usr/local/bin:/usr/bin:/bin:/usr/sbin:/sbin:/usr/local/share/dotnet:~/.dotnet/tools:/Library/Frameworks/Mono.framework/Versions/Current/Commands:/Applications/Xamarin Workbooks.app/Contents/SharedSupport/path-bin:/usr/local/gradle/gradle-4.6/bin

Yarn version: 
  1.5.1

Node version: 
  10.15.3

Platform: 
  darwin x64

npm manifest: 
  No manifest

yarn manifest: 
  No manifest

Lockfile: 
  No lockfile

Trace: 
  Error: Couldn't find a package.json file in "/Users/guillermoherrera/Desktop/Mediastream-REACT"
      at new MessageError (/usr/local/Cellar/yarn/1.5.1_1/libexec/lib/cli.js:186:110)
      at /usr/local/Cellar/yarn/1.5.1_1/libexec/lib/cli.js:40048:15
      at Generator.next (<anonymous>)
      at step (/usr/local/Cellar/yarn/1.5.1_1/libexec/lib/cli.js:98:30)
      at /usr/local/Cellar/yarn/1.5.1_1/libexec/lib/cli.js:109:13
